<?xml version="1.0" encoding="UTF-8"?>
<!-- Generated by org.testng.reporters.JUnitReportReporter -->
<testsuite hostname="LAPTOP-34RV87CD" failures="0" tests="2" name="JenkinsMaven.Task6.TestLogin" time="16.587" errors="0" timestamp="2024-03-28T17:50:24 IST" skipped="0">
  <testcase classname="JenkinsMaven.Task6.TestLogin" name="loginTest" time="15.047"/>
  <testcase classname="JenkinsMaven.Task6.TestLogin" name="TestCredentials" time="1.540"/>
</testsuite> <!-- JenkinsMaven.Task6.TestLogin -->
